cameraview/build/intermediates/manifest_merge_blame_file/release/manifest-merger-blame-release-report.txt
1<?xml version="1.0" encoding="utf-8"?>
2<!--   ~ Copyright (C) 2017 Baidu, Inc. All Rights Reserved. -->
3<manifest xmlns:android="http://schemas.android.com/apk/res/android"
4    package="com.baidu.ocr.ui"
5    android:versionCode="1"
6    android:versionName="1.0" >
7
8    <uses-sdk
9        android:minSdkVersion="19"
9-->src\main\AndroidManifest.xml
10        android:targetSdkVersion="30" />
10-->src\main\AndroidManifest.xml
11
12    <uses-permission android:name="android.permission.CAMERA" />
12-->src\main\AndroidManifest.xml:7:5-65
12-->src\main\AndroidManifest.xml:7:22-62
13    <uses-permission android:name="android.permission.READ_EXTERNAL_STORAGE" />
13-->src\main\AndroidManifest.xml:8:5-80
13-->src\main\AndroidManifest.xml:8:22-77
14    <uses-permission android:name="android.permission.WRITE_EXTERNAL_STORAGE" />
14-->src\main\AndroidManifest.xml:9:5-81
14-->src\main\AndroidManifest.xml:9:22-78
15
16    <uses-feature android:name="android.hardware.camera2.full" />
16-->src\main\AndroidManifest.xml:11:5-66
16-->src\main\AndroidManifest.xml:11:19-63
17    <uses-feature android:name="android.hardware.camera" />
17-->src\main\AndroidManifest.xml:12:5-60
17-->src\main\AndroidManifest.xml:12:19-57
18    <uses-feature android:name="android.hardware.camera.autofocus" />
18-->src\main\AndroidManifest.xml:13:5-70
18-->src\main\AndroidManifest.xml:13:19-67
19
20    <application
20-->src\main\AndroidManifest.xml:15:5-27:19
21        android:allowBackup="true"
21-->src\main\AndroidManifest.xml:16:9-35
22        android:label="@string/app_name"
22-->src\main\AndroidManifest.xml:17:9-41
23        android:supportsRtl="true"
23-->src\main\AndroidManifest.xml:18:9-35
24        android:theme="@style/AppTheme"
24-->src\main\AndroidManifest.xml:19:9-40
25        android:vmSafeMode="true" >
25-->src\main\AndroidManifest.xml:20:9-34
26        <activity
26-->src\main\AndroidManifest.xml:22:9-25:80
27            android:name="com.baidu.ocr.ui.camera.CameraActivity"
27-->src\main\AndroidManifest.xml:23:13-66
28            android:configChanges="screenSize|orientation"
28-->src\main\AndroidManifest.xml:24:13-59
29            android:theme="@android:style/Theme.Holo.NoActionBar.Fullscreen" />
29-->src\main\AndroidManifest.xml:25:13-77
30    </application>
31
32</manifest>